/tmp/Paginas-manual/man-pages-es-1.28 /tmp/orig /tmp/orig /tmp/orig
man-pages-es-1.28 PAGINA man1/rm.1
man-pages-es-1.28 PAGINA man1/mknod.1
man-pages-es-1.28 PAGINA man1/mkfifo.1
man-pages-es-1.28 PAGINA man1/diff.1
man-pages-es-1.28 PAGINA man1/du.1
man-pages-es-1.28 PAGINA man1/intro.1
man-pages-es-1.28 PAGINA man1/chmod.1
man-pages-es-1.28 PAGINA man1/cp.1
man-pages-es-1.28 PAGINA man1/chown.1
man-pages-es-1.28 PAGINA man1/ls.1
man-pages-es-1.28 PAGINA man1/chgrp.1
man-pages-es-1.28 PAGINA man1/dircolors.1
man-pages-es-1.28 PAGINA man1/ln.1
man-pages-es-1.28 PAGINA man1/rmdir.1
man-pages-es-1.28 PAGINA man1/mkdir.1
man-pages-es-1.28 PAGINA man1/dd.1
man-pages-es-1.28 PAGINA man1/mv.1
man-pages-es-1.28 PAGINA man1/df.1
man-pages-es-1.28 PAGINA man1/install.1
man-pages-es-1.28 PAGINA man1/touch.1
man-pages-es-1.28 PAGINA man2/sched_setparam.2
man-pages-es-1.28 PAGINA man2/quotactl.2
man-pages-es-1.28 PAGINA man2/symlink.2
man-pages-es-1.28 PAGINA man2/vhangup.2
man-pages-es-1.28 PAGINA man2/msgop.2
man-pages-es-1.28 PAGINA man2/ipc.2
man-pages-es-1.28 PAGINA man2/msync.2
man-pages-es-1.28 PAGINA man2/msgctl.2
man-pages-es-1.28 PAGINA man2/setup.2
man-pages-es-1.28 PAGINA man2/kill.2
man-pages-es-1.28 PAGINA man2/obsolete.2
man-pages-es-1.28 PAGINA man2/mremap.2
man-pages-es-1.28 PAGINA man2/read.2
man-pages-es-1.28 PAGINA man2/alarm.2
man-pages-es-1.28 PAGINA man2/personality.2
man-pages-es-1.28 PAGINA man2/time.2
man-pages-es-1.28 PAGINA man2/rmdir.2
man-pages-es-1.28 PAGINA man2/chmod.2
man-pages-es-1.28 PAGINA man2/clone.2
man-pages-es-1.28 PAGINA man2/sched_rr_get_interval.2
man-pages-es-1.28 PAGINA man2/pread.2
man-pages-es-1.28 PAGINA man2/sigpause.2
man-pages-es-1.28 PAGINA man2/chdir.2
man-pages-es-1.28 PAGINA man2/readv.2
man-pages-es-1.28 PAGINA man2/getgroups.2
man-pages-es-1.28 PAGINA man2/vm86.2
man-pages-es-1.28 PAGINA man2/sync.2
man-pages-es-1.28 PAGINA man2/getsid.2
man-pages-es-1.28 PAGINA man2/mknod.2
man-pages-es-1.28 PAGINA man2/setresuid.2
man-pages-es-1.28 PAGINA man2/swapon.2
man-pages-es-1.28 PAGINA man2/getpagesize.2
man-pages-es-1.28 PAGINA man2/mmap.2
man-pages-es-1.28 PAGINA man2/unlink.2
man-pages-es-1.28 PAGINA man2/sigvec.2
man-pages-es-1.28 PAGINA man2/utime.2
man-pages-es-1.28 PAGINA man2/getdents.2
man-pages-es-1.28 PAGINA man2/adjtimex.2
man-pages-es-1.28 PAGINA man2/ioperm.2
man-pages-es-1.28 PAGINA man2/sysfs.2
man-pages-es-1.28 PAGINA man2/prctl.2
man-pages-es-1.28 PAGINA man2/setuid.2
man-pages-es-1.28 PAGINA man2/mkdir.2
man-pages-es-1.28 PAGINA man2/sysctl.2
man-pages-es-1.28 PAGINA man2/modify_ldt.2
man-pages-es-1.28 PAGINA man2/recv.2
man-pages-es-1.28 PAGINA man2/readlink.2
man-pages-es-1.28 PAGINA man2/truncate.2
man-pages-es-1.28 PAGINA man2/mount.2
man-pages-es-1.28 PAGINA man2/sigblock.2
man-pages-es-1.28 PAGINA man2/msgget.2
man-pages-es-1.28 PAGINA man2/reboot.2
man-pages-es-1.28 PAGINA man2/sendfile.2
man-pages-es-1.28 PAGINA man2/intro.2
man-pages-es-1.28 PAGINA man2/gethostid.2
man-pages-es-1.28 PAGINA man2/sigreturn.2
man-pages-es-1.28 PAGINA man2/getdomainname.2
man-pages-es-1.28 PAGINA man2/link.2
man-pages-es-1.28 PAGINA man2/setreuid.2
man-pages-es-1.28 PAGINA man2/accept.2
man-pages-es-1.28 PAGINA man2/lseek.2
man-pages-es-1.28 PAGINA man2/acct.2
man-pages-es-1.28 PAGINA man2/brk.2
man-pages-es-1.28 PAGINA man2/statfs.2
man-pages-es-1.28 PAGINA man2/capget.2
man-pages-es-1.28 PAGINA man2/socket.2
man-pages-es-1.28 PAGINA man2/idle.2
man-pages-es-1.28 PAGINA man2/mprotect.2
man-pages-es-1.28 PAGINA man2/munlock.2
man-pages-es-1.28 PAGINA man2/pause.2
man-pages-es-1.28 PAGINA man2/pipe.2
man-pages-es-1.28 PAGINA man2/stime.2
man-pages-es-1.28 PAGINA man2/listen.2
man-pages-es-1.28 PAGINA man2/umask.2
man-pages-es-1.28 PAGINA man2/getsockname.2
man-pages-es-1.28 PAGINA man2/iopl.2
man-pages-es-1.28 PAGINA man2/ioctl.2
man-pages-es-1.28 PAGINA man2/fcntl.2
man-pages-es-1.28 PAGINA man2/close.2
man-pages-es-1.28 PAGINA man2/open.2
man-pages-es-1.28 PAGINA man2/cacheflush.2
man-pages-es-1.28 PAGINA man2/chroot.2
man-pages-es-1.28 PAGINA man2/dup.2
man-pages-es-1.28 PAGINA man2/ioctl_list.2
man-pages-es-1.28 PAGINA man2/fsync.2
man-pages-es-1.28 PAGINA man2/semop.2
man-pages-es-1.28 PAGINA man2/munlockall.2
man-pages-es-1.28 PAGINA man2/getpid.2
man-pages-es-1.28 PAGINA man2/getsockopt.2
man-pages-es-1.28 PAGINA man2/getdtablesize.2
man-pages-es-1.28 PAGINA man2/socketpair.2
man-pages-es-1.28 PAGINA man2/mlock.2
man-pages-es-1.28 PAGINA man2/nice.2
man-pages-es-1.28 PAGINA man2/getresuid.2
man-pages-es-1.28 PAGINA man2/access.2
man-pages-es-1.28 PAGINA man2/llseek.2
man-pages-es-1.28 PAGINA man2/getgid.2
man-pages-es-1.28 PAGINA man2/shmop.2
man-pages-es-1.28 PAGINA man2/times.2
man-pages-es-1.28 PAGINA man2/semctl.2
man-pages-es-1.28 PAGINA man2/setfsgid.2
man-pages-es-1.28 PAGINA man2/signal.2
man-pages-es-1.28 PAGINA man2/syslog.2
man-pages-es-1.28 PAGINA man2/wait4.2
man-pages-es-1.28 PAGINA man2/flock.2
man-pages-es-1.28 PAGINA man2/gethostname.2
man-pages-es-1.28 PAGINA man2/shmctl.2
man-pages-es-1.28 PAGINA man2/send.2
man-pages-es-1.28 PAGINA man2/gettimeofday.2
man-pages-es-1.28 PAGINA man2/readdir.2
man-pages-es-1.28 PAGINA man2/killpg.2
man-pages-es-1.28 PAGINA man2/nanosleep.2
man-pages-es-1.28 PAGINA man2/execve.2
man-pages-es-1.28 PAGINA man2/shmget.2
man-pages-es-1.28 PAGINA man2/sysinfo.2
man-pages-es-1.28 PAGINA man2/bind.2
man-pages-es-1.28 PAGINA man2/sched_get_priority_max.2
man-pages-es-1.28 PAGINA man2/select.2
man-pages-es-1.28 PAGINA man2/chown.2
man-pages-es-1.28 PAGINA man2/sched_setscheduler.2
man-pages-es-1.28 PAGINA man2/poll.2
man-pages-es-1.28 PAGINA man2/unimplemented.2
man-pages-es-1.28 PAGINA man2/sched_yield.2
man-pages-es-1.28 PAGINA man2/_exit.2
man-pages-es-1.28 PAGINA man2/getrlimit.2
man-pages-es-1.28 PAGINA man2/ustat.2
man-pages-es-1.28 PAGINA man2/undocumented.2
man-pages-es-1.28 PAGINA man2/wait.2
man-pages-es-1.28 PAGINA man2/getuid.2
man-pages-es-1.28 PAGINA man2/stat.2
man-pages-es-1.28 PAGINA man2/setgid.2
man-pages-es-1.28 PAGINA man2/vfork.2
man-pages-es-1.28 PAGINA man2/socketcall.2
man-pages-es-1.28 PAGINA man2/uname.2
man-pages-es-1.28 PAGINA man2/bdflush.2
man-pages-es-1.28 PAGINA man2/setpgid.2
man-pages-es-1.28 PAGINA man2/shutdown.2
man-pages-es-1.28 PAGINA man2/setsid.2
man-pages-es-1.28 PAGINA man2/write.2
man-pages-es-1.28 PAGINA man2/connect.2
man-pages-es-1.28 PAGINA man2/nfsservctl.2
man-pages-es-1.28 PAGINA man2/syscalls.2
man-pages-es-1.28 PAGINA man2/fork.2
man-pages-es-1.28 PAGINA man2/sigaction.2
man-pages-es-1.28 PAGINA man2/ptrace.2
man-pages-es-1.28 PAGINA man2/semget.2
man-pages-es-1.28 PAGINA man2/rename.2
man-pages-es-1.28 PAGINA man2/uselib.2
man-pages-es-1.28 PAGINA man2/getpeername.2
man-pages-es-1.28 PAGINA man2/setfsuid.2
man-pages-es-1.28 PAGINA man2/mlockall.2
man-pages-es-1.28 PAGINA man2/fdatasync.2
man-pages-es-1.28 PAGINA man2/outb.2
man-pages-es-1.28 PAGINA man2/setregid.2
man-pages-es-1.28 PAGINA man2/getpriority.2
man-pages-es-1.28 PAGINA man2/getitimer.2
man-pages-es-1.28 PAGINA man3/wcstok.3
man-pages-es-1.28 PAGINA man3/netlink.3
man-pages-es-1.28 PAGINA man3/acos.3
man-pages-es-1.28 PAGINA man3/gethostbyname.3
man-pages-es-1.28 PAGINA man3/stdio.3
man-pages-es-1.28 PAGINA man3/getenv.3
man-pages-es-1.28 PAGINA man3/getutent.3
man-pages-es-1.28 PAGINA man3/stpncpy.3
man-pages-es-1.28 PAGINA man3/hypot.3
man-pages-es-1.28 PAGINA man3/cmsg.3
man-pages-es-1.28 PAGINA man3/qsort.3
man-pages-es-1.28 PAGINA man3/errno.3
man-pages-es-1.28 PAGINA man3/getgrnam.3
man-pages-es-1.28 PAGINA man3/insque.3
man-pages-es-1.28 PAGINA man3/towlower.3
man-pages-es-1.28 PAGINA man3/copysign.3
man-pages-es-1.28 PAGINA man3/confstr.3
man-pages-es-1.28 PAGINA man3/getpwnam.3
man-pages-es-1.28 PAGINA man3/perror.3
man-pages-es-1.28 PAGINA man3/intro.3
man-pages-es-1.28 PAGINA man3/rint.3
man-pages-es-1.28 PAGINA man3/__setfpucw.3
man-pages-es-1.28 PAGINA man3/getprotoent.3
man-pages-es-1.28 PAGINA man3/sigsetops.3
man-pages-es-1.28 PAGINA man3/printf.3
man-pages-es-1.28 PAGINA man3/wcrtomb.3
man-pages-es-1.28 PAGINA man3/expm1.3
man-pages-es-1.28 PAGINA man3/raise.3
man-pages-es-1.28 PAGINA man3/profil.3
man-pages-es-1.28 PAGINA man3/memcpy.3
man-pages-es-1.28 PAGINA man3/wcsstr.3
man-pages-es-1.28 PAGINA man3/stdarg.3
man-pages-es-1.28 PAGINA man3/bzero.3
man-pages-es-1.28 PAGINA man3/iswctype.3
man-pages-es-1.28 PAGINA man3/fgetgrent.3
man-pages-es-1.28 PAGINA man3/lsearch.3
man-pages-es-1.28 PAGINA man3/modf.3
man-pages-es-1.28 PAGINA man3/drand48.3
man-pages-es-1.28 PAGINA man3/wcslen.3
man-pages-es-1.28 PAGINA man3/isinf.3
man-pages-es-1.28 PAGINA man3/sleep.3
man-pages-es-1.28 PAGINA man3/wcscmp.3
man-pages-es-1.28 PAGINA man3/strxfrm.3
man-pages-es-1.28 PAGINA man3/memmove.3
man-pages-es-1.28 PAGINA man3/memmem.3
man-pages-es-1.28 PAGINA man3/difftime.3
man-pages-es-1.28 PAGINA man3/iswspace.3
man-pages-es-1.28 PAGINA man3/re_comp.3
man-pages-es-1.28 PAGINA man3/iswblank.3
man-pages-es-1.28 PAGINA man3/MB_CUR_MAX.3
man-pages-es-1.28 PAGINA man3/wcsncat.3
man-pages-es-1.28 PAGINA man3/localeconv.3
man-pages-es-1.28 PAGINA man3/updwtmp.3
man-pages-es-1.28 PAGINA man3/fpathconf.3
man-pages-es-1.28 PAGINA man3/byteorder.3
man-pages-es-1.28 PAGINA man3/strptime.3
man-pages-es-1.28 PAGINA man3/mbtowc.3
man-pages-es-1.28 PAGINA man3/mkfifo.3
man-pages-es-1.28 PAGINA man3/acosh.3
man-pages-es-1.28 PAGINA man3/wcsncmp.3
man-pages-es-1.28 PAGINA man3/siginterrupt.3
man-pages-es-1.28 PAGINA man3/mkstemp.3
man-pages-es-1.28 PAGINA man3/fseek.3
man-pages-es-1.28 PAGINA man3/wcscspn.3
man-pages-es-1.28 PAGINA man3/ftime.3
man-pages-es-1.28 PAGINA man3/ldexp.3
man-pages-es-1.28 PAGINA man3/mbrlen.3
man-pages-es-1.28 PAGINA man3/alloca.3
man-pages-es-1.28 PAGINA man3/wcpcpy.3
man-pages-es-1.28 PAGINA man3/ffs.3
man-pages-es-1.28 PAGINA man3/strcpy.3
man-pages-es-1.28 PAGINA man3/wcsdup.3
man-pages-es-1.28 PAGINA man3/telldir.3
man-pages-es-1.28 PAGINA man3/getpass.3
man-pages-es-1.28 PAGINA man3/strcoll.3
man-pages-es-1.28 PAGINA man3/iswdigit.3
man-pages-es-1.28 PAGINA man3/abs.3
man-pages-es-1.28 PAGINA man3/iswalpha.3
man-pages-es-1.28 PAGINA man3/killpg.3
man-pages-es-1.28 PAGINA man3/putenv.3
man-pages-es-1.28 PAGINA man3/wcsncpy.3
man-pages-es-1.28 PAGINA man3/strftime.3
man-pages-es-1.28 PAGINA man3/fgetws.3
man-pages-es-1.28 PAGINA man3/scandir.3
man-pages-es-1.28 PAGINA man3/mbstowcs.3
man-pages-es-1.28 PAGINA man3/mbrtowc.3
man-pages-es-1.28 PAGINA man3/getwchar.3
man-pages-es-1.28 PAGINA man3/bcmp.3
man-pages-es-1.28 PAGINA man3/xdr.3
man-pages-es-1.28 PAGINA man3/ulimit.3
man-pages-es-1.28 PAGINA man3/random.3
man-pages-es-1.28 PAGINA man3/getlogin.3
man-pages-es-1.28 PAGINA man3/ftw.3
man-pages-es-1.28 PAGINA man3/cos.3
man-pages-es-1.28 PAGINA man3/wcscpy.3
man-pages-es-1.28 PAGINA man3/sqrt.3
man-pages-es-1.28 PAGINA man3/towupper.3
man-pages-es-1.28 PAGINA man3/strstr.3
man-pages-es-1.28 PAGINA man3/ctime.3
man-pages-es-1.28 PAGINA man3/strnlen.3
man-pages-es-1.28 PAGINA man3/mktemp.3
man-pages-es-1.28 PAGINA man3/getw.3
man-pages-es-1.28 PAGINA man3/isalpha.3
man-pages-es-1.28 PAGINA man3/wcscasecmp.3
man-pages-es-1.28 PAGINA man3/index.3
man-pages-es-1.28 PAGINA man3/strpbrk.3
man-pages-es-1.28 PAGINA man3/puts.3
man-pages-es-1.28 PAGINA man3/toupper.3
man-pages-es-1.28 PAGINA man3/putwchar.3
man-pages-es-1.28 PAGINA man3/getrpcent.3
man-pages-es-1.28 PAGINA man3/wcsrtombs.3
man-pages-es-1.28 PAGINA man3/strsignal.3
man-pages-es-1.28 PAGINA man3/opendir.3
man-pages-es-1.28 PAGINA man3/closedir.3
man-pages-es-1.28 PAGINA man3/realpath.3
man-pages-es-1.28 PAGINA man3/erf.3
man-pages-es-1.28 PAGINA man3/exit.3
man-pages-es-1.28 PAGINA man3/drem.3
man-pages-es-1.28 PAGINA man3/string.3
man-pages-es-1.28 PAGINA man3/assert.3
man-pages-es-1.28 PAGINA man3/wctob.3
man-pages-es-1.28 PAGINA man3/getservent.3
man-pages-es-1.28 PAGINA man3/getdirentries.3
man-pages-es-1.28 PAGINA man3/fwide.3
man-pages-es-1.28 PAGINA man3/wctrans.3
man-pages-es-1.28 PAGINA man3/setjmp.3
man-pages-es-1.28 PAGINA man3/popen.3
man-pages-es-1.28 PAGINA man3/atan.3
man-pages-es-1.28 PAGINA man3/atol.3
man-pages-es-1.28 PAGINA man3/labs.3
man-pages-es-1.28 PAGINA man3/getrpcport.3
man-pages-es-1.28 PAGINA man3/getpw.3
man-pages-es-1.28 PAGINA man3/lgamma.3
man-pages-es-1.28 PAGINA man3/j0.3
man-pages-es-1.28 PAGINA man3/wcspbrk.3
man-pages-es-1.28 PAGINA man3/wcswidth.3
man-pages-es-1.28 PAGINA man3/gcvt.3
man-pages-es-1.28 PAGINA man3/atanh.3
man-pages-es-1.28 PAGINA man3/getcwd.3
man-pages-es-1.28 PAGINA man3/wcsncasecmp.3
man-pages-es-1.28 PAGINA man3/ecvt.3
man-pages-es-1.28 PAGINA man3/strcmp.3
man-pages-es-1.28 PAGINA man3/rewinddir.3
man-pages-es-1.28 PAGINA man3/swab.3
man-pages-es-1.28 PAGINA man3/seekdir.3
man-pages-es-1.28 PAGINA man3/clock.3
man-pages-es-1.28 PAGINA man3/termios.3
man-pages-es-1.28 PAGINA man3/fgetpwent.3
man-pages-es-1.28 PAGINA man3/strcasecmp.3
man-pages-es-1.28 PAGINA man3/memcmp.3
man-pages-es-1.28 PAGINA man3/undocumented.3
man-pages-es-1.28 PAGINA man3/regex.3
man-pages-es-1.28 PAGINA man3/strtod.3
man-pages-es-1.28 PAGINA man3/fopen.3
man-pages-es-1.28 PAGINA man3/atan2.3
man-pages-es-1.28 PAGINA man3/strtok.3
man-pages-es-1.28 PAGINA man3/sin.3
man-pages-es-1.28 PAGINA man3/wcpncpy.3
man-pages-es-1.28 PAGINA man3/rtnetlink.3
man-pages-es-1.28 PAGINA man3/tmpnam.3
man-pages-es-1.28 PAGINA man3/fnmatch.3
man-pages-es-1.28 PAGINA man3/memfrob.3
man-pages-es-1.28 PAGINA man3/strtoul.3
man-pages-es-1.28 PAGINA man3/setenv.3
man-pages-es-1.28 PAGINA man3/iswpunct.3
man-pages-es-1.28 PAGINA man3/iswprint.3
man-pages-es-1.28 PAGINA man3/wcwidth.3
man-pages-es-1.28 PAGINA man3/atof.3
man-pages-es-1.28 PAGINA man3/sysconf.3
man-pages-es-1.28 PAGINA man3/wcscat.3
man-pages-es-1.28 PAGINA man3/towctrans.3
man-pages-es-1.28 PAGINA man3/glob.3
man-pages-es-1.28 PAGINA man3/iswupper.3
man-pages-es-1.28 PAGINA man3/tzset.3
man-pages-es-1.28 PAGINA man3/fflush.3
man-pages-es-1.28 PAGINA man3/dbopen.3
man-pages-es-1.28 PAGINA man3/hsearch.3
man-pages-es-1.28 PAGINA man3/ftok.3
man-pages-es-1.28 PAGINA man3/mbsnrtowcs.3
man-pages-es-1.28 PAGINA man3/setbuf.3
man-pages-es-1.28 PAGINA man3/inet.3
man-pages-es-1.28 PAGINA man3/frexp.3
man-pages-es-1.28 PAGINA man3/bindresvport.3
man-pages-es-1.28 PAGINA man3/atexit.3
man-pages-es-1.28 PAGINA man3/iswgraph.3
man-pages-es-1.28 PAGINA man3/fclose.3
man-pages-es-1.28 PAGINA man3/wcsnrtombs.3
man-pages-es-1.28 PAGINA man3/putpwent.3
man-pages-es-1.28 PAGINA man3/resolver.3
man-pages-es-1.28 PAGINA man3/wmemmove.3
man-pages-es-1.28 PAGINA man3/tsearch.3
man-pages-es-1.28 PAGINA man3/strlen.3
man-pages-es-1.28 PAGINA man3/strcat.3
man-pages-es-1.28 PAGINA man3/bstring.3
man-pages-es-1.28 PAGINA man3/mbsrtowcs.3
man-pages-es-1.28 PAGINA man3/strdup.3
man-pages-es-1.28 PAGINA man3/ctermid.3
man-pages-es-1.28 PAGINA man3/stpcpy.3
man-pages-es-1.28 PAGINA man3/mblen.3
man-pages-es-1.28 PAGINA man3/hash.3
man-pages-es-1.28 PAGINA man3/div.3
man-pages-es-1.28 PAGINA man3/tanh.3
man-pages-es-1.28 PAGINA man3/floor.3
man-pages-es-1.28 PAGINA man3/fabs.3
man-pages-es-1.28 PAGINA man3/malloc.3
man-pages-es-1.28 PAGINA man3/readdir.3
man-pages-es-1.28 PAGINA man3/strspn.3
man-pages-es-1.28 PAGINA man3/rand.3
man-pages-es-1.28 PAGINA man3/stdin.3
man-pages-es-1.28 PAGINA man3/strsep.3
man-pages-es-1.28 PAGINA man3/ceil.3
man-pages-es-1.28 PAGINA man3/initgroups.3
man-pages-es-1.28 PAGINA man3/fmod.3
man-pages-es-1.28 PAGINA man3/exp.3
man-pages-es-1.28 PAGINA man3/longjmp.3
man-pages-es-1.28 PAGINA man3/memchr.3
man-pages-es-1.28 PAGINA man3/fgetwc.3
man-pages-es-1.28 PAGINA man3/ferror.3
man-pages-es-1.28 PAGINA man3/tempnam.3
man-pages-es-1.28 PAGINA man3/tmpfile.3
man-pages-es-1.28 PAGINA man3/wmemcpy.3
man-pages-es-1.28 PAGINA man3/syslog.3
man-pages-es-1.28 PAGINA man3/strerror.3
man-pages-es-1.28 PAGINA man3/rpc.3
man-pages-es-1.28 PAGINA man3/wcschr.3
man-pages-es-1.28 PAGINA man3/cbrt.3
man-pages-es-1.28 PAGINA man3/getusershell.3
man-pages-es-1.28 PAGINA man3/wcsnlen.3
man-pages-es-1.28 PAGINA man3/getgrent.3
man-pages-es-1.28 PAGINA man3/getopt.3
man-pages-es-1.28 PAGINA man3/wmemchr.3
man-pages-es-1.28 PAGINA man3/toascii.3
man-pages-es-1.28 PAGINA man3/strchr.3
man-pages-es-1.28 PAGINA man3/recno.3
man-pages-es-1.28 PAGINA man3/tan.3
man-pages-es-1.28 PAGINA man3/btowc.3
man-pages-es-1.28 PAGINA man3/wctype.3
man-pages-es-1.28 PAGINA man3/iswcntrl.3
man-pages-es-1.28 PAGINA man3/memset.3
man-pages-es-1.28 PAGINA man3/mbsinit.3
man-pages-es-1.28 PAGINA man3/iswxdigit.3
man-pages-es-1.28 PAGINA man3/memccpy.3
man-pages-es-1.28 PAGINA man3/iswlower.3
man-pages-es-1.28 PAGINA man3/usleep.3
man-pages-es-1.28 PAGINA man3/exec.3
man-pages-es-1.28 PAGINA man3/ldiv.3
man-pages-es-1.28 PAGINA man3/fputws.3
man-pages-es-1.28 PAGINA man3/bsearch.3
man-pages-es-1.28 PAGINA man3/wctomb.3
man-pages-es-1.28 PAGINA man3/fputwc.3
man-pages-es-1.28 PAGINA man3/readv.3
man-pages-es-1.28 PAGINA man3/getnetent.3
man-pages-es-1.28 PAGINA man3/asin.3
man-pages-es-1.28 PAGINA man3/gets.3
man-pages-es-1.28 PAGINA man3/on_exit.3
man-pages-es-1.28 PAGINA man3/scanf.3
man-pages-es-1.28 PAGINA man3/catopen.3
man-pages-es-1.28 PAGINA man3/cosh.3
man-pages-es-1.28 PAGINA man3/wcstombs.3
man-pages-es-1.28 PAGINA man3/sinh.3
man-pages-es-1.28 PAGINA man3/isatty.3
man-pages-es-1.28 PAGINA man3/strtol.3
man-pages-es-1.28 PAGINA man3/mpool.3
man-pages-es-1.28 PAGINA man3/iswalnum.3
man-pages-es-1.28 PAGINA man3/crypt.3
man-pages-es-1.28 PAGINA man3/atoi.3
man-pages-es-1.28 PAGINA man3/setlocale.3
man-pages-es-1.28 PAGINA man3/psignal.3
man-pages-es-1.28 PAGINA man3/wmemcmp.3
man-pages-es-1.28 PAGINA man3/strfry.3
man-pages-es-1.28 PAGINA man3/fread.3
man-pages-es-1.28 PAGINA man3/bcopy.3
man-pages-es-1.28 PAGINA man3/asinh.3
man-pages-es-1.28 PAGINA man3/MB_LEN_MAX.3
man-pages-es-1.28 PAGINA man3/getmntent.3
man-pages-es-1.28 PAGINA man3/catgets.3
man-pages-es-1.28 PAGINA man3/wcsspn.3
man-pages-es-1.28 PAGINA man3/ttyname.3
man-pages-es-1.28 PAGINA man3/abort.3
man-pages-es-1.28 PAGINA man3/ungetwc.3
man-pages-es-1.28 PAGINA man3/wprintf.3
man-pages-es-1.28 PAGINA man3/rcmd.3
man-pages-es-1.28 PAGINA man3/wcsrchr.3
man-pages-es-1.28 PAGINA man3/getpwent.3
man-pages-es-1.28 PAGINA man3/btree.3
man-pages-es-1.28 PAGINA man3/system.3
man-pages-es-1.28 PAGINA man3/remove.3
man-pages-es-1.28 PAGINA man3/wmemset.3
man-pages-es-1.28 PAGINA man3/infnan.3
man-pages-es-1.28 PAGINA man4/wavelan.4
man-pages-es-1.28 PAGINA man4/fd.4
man-pages-es-1.28 PAGINA man4/console_ioctl.4
man-pages-es-1.28 PAGINA man4/sd.4
man-pages-es-1.28 PAGINA man4/initrd.4
man-pages-es-1.28 PAGINA man4/vcs.4
man-pages-es-1.28 PAGINA man4/fifo.4
man-pages-es-1.28 PAGINA man4/mouse.4
man-pages-es-1.28 PAGINA man4/tty.4
man-pages-es-1.28 PAGINA man4/console.4
man-pages-es-1.28 PAGINA man4/intro.4
man-pages-es-1.28 PAGINA man4/lp.4
man-pages-es-1.28 PAGINA man4/console_codes.4
man-pages-es-1.28 PAGINA man4/st.4
man-pages-es-1.28 PAGINA man4/ttys.4
man-pages-es-1.28 PAGINA man4/mem.4
man-pages-es-1.28 PAGINA man4/full.4
man-pages-es-1.28 PAGINA man4/ram.4
man-pages-es-1.28 PAGINA man4/null.4
man-pages-es-1.28 PAGINA man4/random.4
man-pages-es-1.28 PAGINA man4/hd.4
man-pages-es-1.28 PAGINA man5/proc.5
man-pages-es-1.28 PAGINA man5/charmap.5
man-pages-es-1.28 PAGINA man5/protocols.5
man-pages-es-1.28 PAGINA man5/securetty.5
man-pages-es-1.28 PAGINA man5/intro.5
man-pages-es-1.28 PAGINA man5/nsswitch.conf.5
man-pages-es-1.28 PAGINA man5/dir_colors.5
man-pages-es-1.28 PAGINA man5/group.5
man-pages-es-1.28 PAGINA man5/termcap.5
man-pages-es-1.28 PAGINA man5/ttytype.5
man-pages-es-1.28 PAGINA man5/tzfile.5
man-pages-es-1.28 PAGINA man5/services.5
man-pages-es-1.28 PAGINA man5/rpc.5
man-pages-es-1.28 PAGINA man5/fs.5
man-pages-es-1.28 PAGINA man5/environ.5
man-pages-es-1.28 PAGINA man5/locale.5
man-pages-es-1.28 PAGINA man5/shells.5
man-pages-es-1.28 PAGINA man5/issue.5
man-pages-es-1.28 PAGINA man5/hosts.equiv.5
man-pages-es-1.28 PAGINA man5/ipc.5
man-pages-es-1.28 PAGINA man5/utmp.5
man-pages-es-1.28 PAGINA man5/lilo.conf.5
man-pages-es-1.28 PAGINA man5/motd.5
man-pages-es-1.28 PAGINA man5/nologin.5
man-pages-es-1.28 PAGINA man5/passwd.5
man-pages-es-1.28 PAGINA man6/intro.6
man-pages-es-1.28 PAGINA man7/arp.7
man-pages-es-1.28 PAGINA man7/suffixes.7
man-pages-es-1.28 PAGINA man7/regex.7
man-pages-es-1.28 PAGINA man7/x25.7
man-pages-es-1.28 PAGINA man7/mailaddr.7
man-pages-es-1.28 PAGINA man7/iso_8859-15.7
man-pages-es-1.28 PAGINA man7/icmp.7
man-pages-es-1.28 PAGINA man7/rtnetlink.7
man-pages-es-1.28 PAGINA man7/bootparam.7
man-pages-es-1.28 PAGINA man7/hier.7
man-pages-es-1.28 PAGINA man7/iso_8859-1.7
man-pages-es-1.28 PAGINA man7/man.7
man-pages-es-1.28 PAGINA man7/socket.7
man-pages-es-1.28 PAGINA man7/packet.7
man-pages-es-1.28 PAGINA man7/netlink.7
man-pages-es-1.28 PAGINA man7/uri.7
man-pages-es-1.28 PAGINA man7/ascii.7
man-pages-es-1.28 PAGINA man7/unix.7
man-pages-es-1.28 PAGINA man7/udp.7
man-pages-es-1.28 PAGINA man7/unicode.7
man-pages-es-1.28 PAGINA man7/tcp.7
man-pages-es-1.28 PAGINA man7/ip.7
man-pages-es-1.28 PAGINA man7/utf-8.7
man-pages-es-1.28 PAGINA man7/ddp.7
man-pages-es-1.28 PAGINA man7/signal.7
man-pages-es-1.28 PAGINA man7/charsets.7
man-pages-es-1.28 PAGINA man7/raw.7
man-pages-es-1.28 PAGINA man7/netdevice.7
man-pages-es-1.28 PAGINA man7/glob.7
man-pages-es-1.28 PAGINA man7/intro.7
man-pages-es-1.28 PAGINA man7/locale.7
man-pages-es-1.28 PAGINA man8/sync.8
man-pages-es-1.28 PAGINA man8/tzselect.8
man-pages-es-1.28 PAGINA man8/zic.8
man-pages-es-1.28 PAGINA man8/zdump.8
man-pages-es-1.28 PAGINA man8/lilo.8
man-pages-es-1.28 PAGINA man8/intro.8
/tmp/Paginas-manual/man-pages-es-1.28/man1 /tmp/Paginas-manual/man-pages-es-1.28 /tmp/orig /tmp/orig /tmp/orig
man-pages-es-1.28 SECCION man1
/tmp/Paginas-manual/man-pages-es-1.28 /tmp/orig /tmp/orig /tmp/orig
/tmp/Paginas-manual/man-pages-es-1.28/man2 /tmp/Paginas-manual/man-pages-es-1.28 /tmp/orig /tmp/orig /tmp/orig
man-pages-es-1.28 SECCION man2
/tmp/Paginas-manual/man-pages-es-1.28 /tmp/orig /tmp/orig /tmp/orig
/tmp/Paginas-manual/man-pages-es-1.28/man3 /tmp/Paginas-manual/man-pages-es-1.28 /tmp/orig /tmp/orig /tmp/orig
man-pages-es-1.28 SECCION man3
/tmp/Paginas-manual/man-pages-es-1.28 /tmp/orig /tmp/orig /tmp/orig
/tmp/Paginas-manual/man-pages-es-1.28/man4 /tmp/Paginas-manual/man-pages-es-1.28 /tmp/orig /tmp/orig /tmp/orig
man-pages-es-1.28 SECCION man4
/tmp/Paginas-manual/man-pages-es-1.28 /tmp/orig /tmp/orig /tmp/orig
/tmp/Paginas-manual/man-pages-es-1.28/man5 /tmp/Paginas-manual/man-pages-es-1.28 /tmp/orig /tmp/orig /tmp/orig
man-pages-es-1.28 SECCION man5
/tmp/Paginas-manual/man-pages-es-1.28 /tmp/orig /tmp/orig /tmp/orig
/tmp/Paginas-manual/man-pages-es-1.28/man6 /tmp/Paginas-manual/man-pages-es-1.28 /tmp/orig /tmp/orig /tmp/orig
man-pages-es-1.28 SECCION man6
/tmp/Paginas-manual/man-pages-es-1.28 /tmp/orig /tmp/orig /tmp/orig
/tmp/Paginas-manual/man-pages-es-1.28/man7 /tmp/Paginas-manual/man-pages-es-1.28 /tmp/orig /tmp/orig /tmp/orig
man-pages-es-1.28 SECCION man7
/tmp/Paginas-manual/man-pages-es-1.28 /tmp/orig /tmp/orig /tmp/orig
/tmp/Paginas-manual/man-pages-es-1.28/man8 /tmp/Paginas-manual/man-pages-es-1.28 /tmp/orig /tmp/orig /tmp/orig
man-pages-es-1.28 SECCION man8
/tmp/Paginas-manual/man-pages-es-1.28 /tmp/orig /tmp/orig /tmp/orig
man-pages-es-extra-0.8a PAGINA man1/rm.1
man-pages-es-extra-0.8a PAGINA man1/mknod.1
man-pages-es-extra-0.8a PAGINA man1/mkfifo.1
man-pages-es-extra-0.8a PAGINA man1/diff.1
man-pages-es-extra-0.8a PAGINA man1/du.1
man-pages-es-extra-0.8a PAGINA man1/intro.1
man-pages-es-extra-0.8a PAGINA man1/chmod.1
man-pages-es-extra-0.8a PAGINA man1/cp.1
man-pages-es-extra-0.8a PAGINA man1/chown.1
man-pages-es-extra-0.8a PAGINA man1/ls.1
man-pages-es-extra-0.8a PAGINA man1/chgrp.1
man-pages-es-extra-0.8a PAGINA man1/dircolors.1
man-pages-es-extra-0.8a PAGINA man1/ln.1
man-pages-es-extra-0.8a PAGINA man1/rmdir.1
man-pages-es-extra-0.8a PAGINA man1/mkdir.1
man-pages-es-extra-0.8a PAGINA man1/dd.1
man-pages-es-extra-0.8a PAGINA man1/mv.1
man-pages-es-extra-0.8a PAGINA man1/df.1
man-pages-es-extra-0.8a PAGINA man1/install.1
man-pages-es-extra-0.8a PAGINA man1/touch.1
man-pages-es-extra-0.8a PAGINA man2/sched_setparam.2
man-pages-es-extra-0.8a PAGINA man2/quotactl.2
man-pages-es-extra-0.8a PAGINA man2/symlink.2
man-pages-es-extra-0.8a PAGINA man2/vhangup.2
man-pages-es-extra-0.8a PAGINA man2/msgop.2
man-pages-es-extra-0.8a PAGINA man2/ipc.2
man-pages-es-extra-0.8a PAGINA man2/msync.2
man-pages-es-extra-0.8a PAGINA man2/msgctl.2
man-pages-es-extra-0.8a PAGINA man2/setup.2
man-pages-es-extra-0.8a PAGINA man2/kill.2
man-pages-es-extra-0.8a PAGINA man2/obsolete.2
man-pages-es-extra-0.8a PAGINA man2/mremap.2
man-pages-es-extra-0.8a PAGINA man2/read.2
man-pages-es-extra-0.8a PAGINA man2/alarm.2
man-pages-es-extra-0.8a PAGINA man2/personality.2
man-pages-es-extra-0.8a PAGINA man2/time.2
man-pages-es-extra-0.8a PAGINA man2/rmdir.2
man-pages-es-extra-0.8a PAGINA man2/chmod.2
man-pages-es-extra-0.8a PAGINA man2/clone.2
man-pages-es-extra-0.8a PAGINA man2/sched_rr_get_interval.2
man-pages-es-extra-0.8a PAGINA man2/pread.2
man-pages-es-extra-0.8a PAGINA man2/sigpause.2
man-pages-es-extra-0.8a PAGINA man2/chdir.2
man-pages-es-extra-0.8a PAGINA man2/readv.2
man-pages-es-extra-0.8a PAGINA man2/getgroups.2
man-pages-es-extra-0.8a PAGINA man2/vm86.2
man-pages-es-extra-0.8a PAGINA man2/sync.2
man-pages-es-extra-0.8a PAGINA man2/getsid.2
man-pages-es-extra-0.8a PAGINA man2/mknod.2
man-pages-es-extra-0.8a PAGINA man2/setresuid.2
man-pages-es-extra-0.8a PAGINA man2/swapon.2
man-pages-es-extra-0.8a PAGINA man2/getpagesize.2
man-pages-es-extra-0.8a PAGINA man2/mmap.2
man-pages-es-extra-0.8a PAGINA man2/unlink.2
man-pages-es-extra-0.8a PAGINA man2/sigvec.2
man-pages-es-extra-0.8a PAGINA man2/utime.2
man-pages-es-extra-0.8a PAGINA man2/getdents.2
man-pages-es-extra-0.8a PAGINA man2/adjtimex.2
man-pages-es-extra-0.8a PAGINA man2/ioperm.2
man-pages-es-extra-0.8a PAGINA man2/sysfs.2
man-pages-es-extra-0.8a PAGINA man2/prctl.2
man-pages-es-extra-0.8a PAGINA man2/setuid.2
man-pages-es-extra-0.8a PAGINA man2/mkdir.2
man-pages-es-extra-0.8a PAGINA man2/sysctl.2
man-pages-es-extra-0.8a PAGINA man2/modify_ldt.2
man-pages-es-extra-0.8a PAGINA man2/recv.2
man-pages-es-extra-0.8a PAGINA man2/readlink.2
man-pages-es-extra-0.8a PAGINA man2/truncate.2
man-pages-es-extra-0.8a PAGINA man2/mount.2
man-pages-es-extra-0.8a PAGINA man2/sigblock.2
man-pages-es-extra-0.8a PAGINA man2/msgget.2
man-pages-es-extra-0.8a PAGINA man2/reboot.2
man-pages-es-extra-0.8a PAGINA man2/sendfile.2
man-pages-es-extra-0.8a PAGINA man2/intro.2
man-pages-es-extra-0.8a PAGINA man2/gethostid.2
man-pages-es-extra-0.8a PAGINA man2/sigreturn.2
man-pages-es-extra-0.8a PAGINA man2/getdomainname.2
man-pages-es-extra-0.8a PAGINA man2/link.2
man-pages-es-extra-0.8a PAGINA man2/setreuid.2
man-pages-es-extra-0.8a PAGINA man2/accept.2
man-pages-es-extra-0.8a PAGINA man2/lseek.2
man-pages-es-extra-0.8a PAGINA man2/acct.2
man-pages-es-extra-0.8a PAGINA man2/brk.2
man-pages-es-extra-0.8a PAGINA man2/statfs.2
man-pages-es-extra-0.8a PAGINA man2/capget.2
man-pages-es-extra-0.8a PAGINA man2/socket.2
man-pages-es-extra-0.8a PAGINA man2/idle.2
man-pages-es-extra-0.8a PAGINA man2/mprotect.2
man-pages-es-extra-0.8a PAGINA man2/munlock.2
man-pages-es-extra-0.8a PAGINA man2/pause.2
man-pages-es-extra-0.8a PAGINA man2/pipe.2
man-pages-es-extra-0.8a PAGINA man2/stime.2
man-pages-es-extra-0.8a PAGINA man2/listen.2
man-pages-es-extra-0.8a PAGINA man2/umask.2
man-pages-es-extra-0.8a PAGINA man2/getsockname.2
man-pages-es-extra-0.8a PAGINA man2/iopl.2
man-pages-es-extra-0.8a PAGINA man2/ioctl.2
man-pages-es-extra-0.8a PAGINA man2/fcntl.2
man-pages-es-extra-0.8a PAGINA man2/close.2
man-pages-es-extra-0.8a PAGINA man2/open.2
man-pages-es-extra-0.8a PAGINA man2/cacheflush.2
man-pages-es-extra-0.8a PAGINA man2/chroot.2
man-pages-es-extra-0.8a PAGINA man2/dup.2
man-pages-es-extra-0.8a PAGINA man2/ioctl_list.2
man-pages-es-extra-0.8a PAGINA man2/fsync.2
man-pages-es-extra-0.8a PAGINA man2/semop.2
man-pages-es-extra-0.8a PAGINA man2/munlockall.2
man-pages-es-extra-0.8a PAGINA man2/getpid.2
man-pages-es-extra-0.8a PAGINA man2/getsockopt.2
man-pages-es-extra-0.8a PAGINA man2/getdtablesize.2
man-pages-es-extra-0.8a PAGINA man2/socketpair.2
man-pages-es-extra-0.8a PAGINA man2/mlock.2
man-pages-es-extra-0.8a PAGINA man2/nice.2
man-pages-es-extra-0.8a PAGINA man2/getresuid.2
man-pages-es-extra-0.8a PAGINA man2/access.2
man-pages-es-extra-0.8a PAGINA man2/llseek.2
man-pages-es-extra-0.8a PAGINA man2/getgid.2
man-pages-es-extra-0.8a PAGINA man2/shmop.2
man-pages-es-extra-0.8a PAGINA man2/times.2
man-pages-es-extra-0.8a PAGINA man2/semctl.2
man-pages-es-extra-0.8a PAGINA man2/setfsgid.2
man-pages-es-extra-0.8a PAGINA man2/signal.2
man-pages-es-extra-0.8a PAGINA man2/syslog.2
man-pages-es-extra-0.8a PAGINA man2/wait4.2
man-pages-es-extra-0.8a PAGINA man2/flock.2
man-pages-es-extra-0.8a PAGINA man2/gethostname.2
man-pages-es-extra-0.8a PAGINA man2/shmctl.2
man-pages-es-extra-0.8a PAGINA man2/send.2
man-pages-es-extra-0.8a PAGINA man2/gettimeofday.2
man-pages-es-extra-0.8a PAGINA man2/readdir.2
man-pages-es-extra-0.8a PAGINA man2/killpg.2
man-pages-es-extra-0.8a PAGINA man2/nanosleep.2
man-pages-es-extra-0.8a PAGINA man2/execve.2
man-pages-es-extra-0.8a PAGINA man2/shmget.2
man-pages-es-extra-0.8a PAGINA man2/sysinfo.2
man-pages-es-extra-0.8a PAGINA man2/bind.2
man-pages-es-extra-0.8a PAGINA man2/sched_get_priority_max.2
man-pages-es-extra-0.8a PAGINA man2/select.2
man-pages-es-extra-0.8a PAGINA man2/chown.2
man-pages-es-extra-0.8a PAGINA man2/sched_setscheduler.2
man-pages-es-extra-0.8a PAGINA man2/poll.2
man-pages-es-extra-0.8a PAGINA man2/unimplemented.2
man-pages-es-extra-0.8a PAGINA man2/sched_yield.2
man-pages-es-extra-0.8a PAGINA man2/_exit.2
man-pages-es-extra-0.8a PAGINA man2/getrlimit.2
man-pages-es-extra-0.8a PAGINA man2/ustat.2
man-pages-es-extra-0.8a PAGINA man2/undocumented.2
man-pages-es-extra-0.8a PAGINA man2/wait.2
man-pages-es-extra-0.8a PAGINA man2/getuid.2
man-pages-es-extra-0.8a PAGINA man2/stat.2
man-pages-es-extra-0.8a PAGINA man2/setgid.2
man-pages-es-extra-0.8a PAGINA man2/vfork.2
man-pages-es-extra-0.8a PAGINA man2/socketcall.2
man-pages-es-extra-0.8a PAGINA man2/uname.2
man-pages-es-extra-0.8a PAGINA man2/bdflush.2
man-pages-es-extra-0.8a PAGINA man2/setpgid.2
man-pages-es-extra-0.8a PAGINA man2/shutdown.2
man-pages-es-extra-0.8a PAGINA man2/setsid.2
man-pages-es-extra-0.8a PAGINA man2/write.2
man-pages-es-extra-0.8a PAGINA man2/connect.2
man-pages-es-extra-0.8a PAGINA man2/nfsservctl.2
man-pages-es-extra-0.8a PAGINA man2/syscalls.2
man-pages-es-extra-0.8a PAGINA man2/fork.2
man-pages-es-extra-0.8a PAGINA man2/sigaction.2
man-pages-es-extra-0.8a PAGINA man2/ptrace.2
man-pages-es-extra-0.8a PAGINA man2/semget.2
man-pages-es-extra-0.8a PAGINA man2/rename.2
man-pages-es-extra-0.8a PAGINA man2/uselib.2
man-pages-es-extra-0.8a PAGINA man2/getpeername.2
man-pages-es-extra-0.8a PAGINA man2/setfsuid.2
man-pages-es-extra-0.8a PAGINA man2/mlockall.2
man-pages-es-extra-0.8a PAGINA man2/fdatasync.2
man-pages-es-extra-0.8a PAGINA man2/outb.2
man-pages-es-extra-0.8a PAGINA man2/setregid.2
man-pages-es-extra-0.8a PAGINA man2/getpriority.2
man-pages-es-extra-0.8a PAGINA man2/getitimer.2
man-pages-es-extra-0.8a PAGINA man3/wcstok.3
man-pages-es-extra-0.8a PAGINA man3/netlink.3
man-pages-es-extra-0.8a PAGINA man3/acos.3
man-pages-es-extra-0.8a PAGINA man3/gethostbyname.3
man-pages-es-extra-0.8a PAGINA man3/stdio.3
man-pages-es-extra-0.8a PAGINA man3/getenv.3
man-pages-es-extra-0.8a PAGINA man3/getutent.3
man-pages-es-extra-0.8a PAGINA man3/stpncpy.3
man-pages-es-extra-0.8a PAGINA man3/hypot.3
man-pages-es-extra-0.8a PAGINA man3/cmsg.3
man-pages-es-extra-0.8a PAGINA man3/qsort.3
man-pages-es-extra-0.8a PAGINA man3/errno.3
man-pages-es-extra-0.8a PAGINA man3/getgrnam.3
man-pages-es-extra-0.8a PAGINA man3/insque.3
man-pages-es-extra-0.8a PAGINA man3/towlower.3
man-pages-es-extra-0.8a PAGINA man3/copysign.3
man-pages-es-extra-0.8a PAGINA man3/confstr.3
man-pages-es-extra-0.8a PAGINA man3/getpwnam.3
man-pages-es-extra-0.8a PAGINA man3/perror.3
man-pages-es-extra-0.8a PAGINA man3/intro.3
man-pages-es-extra-0.8a PAGINA man3/rint.3
man-pages-es-extra-0.8a PAGINA man3/__setfpucw.3
man-pages-es-extra-0.8a PAGINA man3/getprotoent.3
man-pages-es-extra-0.8a PAGINA man3/sigsetops.3
man-pages-es-extra-0.8a PAGINA man3/printf.3
man-pages-es-extra-0.8a PAGINA man3/wcrtomb.3
man-pages-es-extra-0.8a PAGINA man3/expm1.3
man-pages-es-extra-0.8a PAGINA man3/raise.3
man-pages-es-extra-0.8a PAGINA man3/profil.3
man-pages-es-extra-0.8a PAGINA man3/memcpy.3
man-pages-es-extra-0.8a PAGINA man3/wcsstr.3
man-pages-es-extra-0.8a PAGINA man3/stdarg.3
man-pages-es-extra-0.8a PAGINA man3/bzero.3
man-pages-es-extra-0.8a PAGINA man3/iswctype.3
man-pages-es-extra-0.8a PAGINA man3/fgetgrent.3
man-pages-es-extra-0.8a PAGINA man3/lsearch.3
man-pages-es-extra-0.8a PAGINA man3/modf.3
man-pages-es-extra-0.8a PAGINA man3/drand48.3
man-pages-es-extra-0.8a PAGINA man3/wcslen.3
man-pages-es-extra-0.8a PAGINA man3/isinf.3
man-pages-es-extra-0.8a PAGINA man3/sleep.3
man-pages-es-extra-0.8a PAGINA man3/wcscmp.3
man-pages-es-extra-0.8a PAGINA man3/strxfrm.3
man-pages-es-extra-0.8a PAGINA man3/memmove.3
man-pages-es-extra-0.8a PAGINA man3/memmem.3
man-pages-es-extra-0.8a PAGINA man3/difftime.3
man-pages-es-extra-0.8a PAGINA man3/iswspace.3
man-pages-es-extra-0.8a PAGINA man3/re_comp.3
man-pages-es-extra-0.8a PAGINA man3/iswblank.3
man-pages-es-extra-0.8a PAGINA man3/MB_CUR_MAX.3
man-pages-es-extra-0.8a PAGINA man3/wcsncat.3
man-pages-es-extra-0.8a PAGINA man3/localeconv.3
man-pages-es-extra-0.8a PAGINA man3/updwtmp.3
man-pages-es-extra-0.8a PAGINA man3/fpathconf.3
man-pages-es-extra-0.8a PAGINA man3/byteorder.3
man-pages-es-extra-0.8a PAGINA man3/strptime.3
man-pages-es-extra-0.8a PAGINA man3/mbtowc.3
man-pages-es-extra-0.8a PAGINA man3/mkfifo.3
man-pages-es-extra-0.8a PAGINA man3/acosh.3
man-pages-es-extra-0.8a PAGINA man3/wcsncmp.3
man-pages-es-extra-0.8a PAGINA man3/siginterrupt.3
man-pages-es-extra-0.8a PAGINA man3/mkstemp.3
man-pages-es-extra-0.8a PAGINA man3/fseek.3
man-pages-es-extra-0.8a PAGINA man3/wcscspn.3
man-pages-es-extra-0.8a PAGINA man3/ftime.3
man-pages-es-extra-0.8a PAGINA man3/ldexp.3
man-pages-es-extra-0.8a PAGINA man3/mbrlen.3
man-pages-es-extra-0.8a PAGINA man3/alloca.3
man-pages-es-extra-0.8a PAGINA man3/wcpcpy.3
man-pages-es-extra-0.8a PAGINA man3/ffs.3
man-pages-es-extra-0.8a PAGINA man3/strcpy.3
man-pages-es-extra-0.8a PAGINA man3/wcsdup.3
man-pages-es-extra-0.8a PAGINA man3/telldir.3
man-pages-es-extra-0.8a PAGINA man3/getpass.3
man-pages-es-extra-0.8a PAGINA man3/strcoll.3
man-pages-es-extra-0.8a PAGINA man3/iswdigit.3
man-pages-es-extra-0.8a PAGINA man3/abs.3
man-pages-es-extra-0.8a PAGINA man3/iswalpha.3
man-pages-es-extra-0.8a PAGINA man3/killpg.3
man-pages-es-extra-0.8a PAGINA man3/putenv.3
man-pages-es-extra-0.8a PAGINA man3/wcsncpy.3
man-pages-es-extra-0.8a PAGINA man3/strftime.3
man-pages-es-extra-0.8a PAGINA man3/fgetws.3
man-pages-es-extra-0.8a PAGINA man3/scandir.3
man-pages-es-extra-0.8a PAGINA man3/mbstowcs.3
man-pages-es-extra-0.8a PAGINA man3/mbrtowc.3
man-pages-es-extra-0.8a PAGINA man3/getwchar.3
man-pages-es-extra-0.8a PAGINA man3/bcmp.3
man-pages-es-extra-0.8a PAGINA man3/xdr.3
man-pages-es-extra-0.8a PAGINA man3/ulimit.3
man-pages-es-extra-0.8a PAGINA man3/random.3
man-pages-es-extra-0.8a PAGINA man3/getlogin.3
man-pages-es-extra-0.8a PAGINA man3/ftw.3
man-pages-es-extra-0.8a PAGINA man3/cos.3
man-pages-es-extra-0.8a PAGINA man3/wcscpy.3
man-pages-es-extra-0.8a PAGINA man3/sqrt.3
man-pages-es-extra-0.8a PAGINA man3/towupper.3
man-pages-es-extra-0.8a PAGINA man3/strstr.3
man-pages-es-extra-0.8a PAGINA man3/ctime.3
man-pages-es-extra-0.8a PAGINA man3/strnlen.3
man-pages-es-extra-0.8a PAGINA man3/mktemp.3
man-pages-es-extra-0.8a PAGINA man3/getw.3
man-pages-es-extra-0.8a PAGINA man3/isalpha.3
man-pages-es-extra-0.8a PAGINA man3/wcscasecmp.3
man-pages-es-extra-0.8a PAGINA man3/index.3
man-pages-es-extra-0.8a PAGINA man3/strpbrk.3
man-pages-es-extra-0.8a PAGINA man3/puts.3
man-pages-es-extra-0.8a PAGINA man3/toupper.3
man-pages-es-extra-0.8a PAGINA man3/putwchar.3
man-pages-es-extra-0.8a PAGINA man3/getrpcent.3
man-pages-es-extra-0.8a PAGINA man3/wcsrtombs.3
man-pages-es-extra-0.8a PAGINA man3/strsignal.3
man-pages-es-extra-0.8a PAGINA man3/opendir.3
man-pages-es-extra-0.8a PAGINA man3/closedir.3
man-pages-es-extra-0.8a PAGINA man3/realpath.3
man-pages-es-extra-0.8a PAGINA man3/erf.3
man-pages-es-extra-0.8a PAGINA man3/exit.3
man-pages-es-extra-0.8a PAGINA man3/drem.3
man-pages-es-extra-0.8a PAGINA man3/string.3
man-pages-es-extra-0.8a PAGINA man3/assert.3
man-pages-es-extra-0.8a PAGINA man3/wctob.3
man-pages-es-extra-0.8a PAGINA man3/getservent.3
man-pages-es-extra-0.8a PAGINA man3/getdirentries.3
man-pages-es-extra-0.8a PAGINA man3/fwide.3
man-pages-es-extra-0.8a PAGINA man3/wctrans.3
man-pages-es-extra-0.8a PAGINA man3/setjmp.3
man-pages-es-extra-0.8a PAGINA man3/popen.3
man-pages-es-extra-0.8a PAGINA man3/atan.3
man-pages-es-extra-0.8a PAGINA man3/atol.3
man-pages-es-extra-0.8a PAGINA man3/labs.3
man-pages-es-extra-0.8a PAGINA man3/getrpcport.3
man-pages-es-extra-0.8a PAGINA man3/getpw.3
man-pages-es-extra-0.8a PAGINA man3/lgamma.3
man-pages-es-extra-0.8a PAGINA man3/j0.3
man-pages-es-extra-0.8a PAGINA man3/wcspbrk.3
man-pages-es-extra-0.8a PAGINA man3/wcswidth.3
man-pages-es-extra-0.8a PAGINA man3/gcvt.3
man-pages-es-extra-0.8a PAGINA man3/atanh.3
man-pages-es-extra-0.8a PAGINA man3/getcwd.3
man-pages-es-extra-0.8a PAGINA man3/wcsncasecmp.3
man-pages-es-extra-0.8a PAGINA man3/ecvt.3
man-pages-es-extra-0.8a PAGINA man3/strcmp.3
man-pages-es-extra-0.8a PAGINA man3/rewinddir.3
man-pages-es-extra-0.8a PAGINA man3/swab.3
man-pages-es-extra-0.8a PAGINA man3/seekdir.3
man-pages-es-extra-0.8a PAGINA man3/clock.3
man-pages-es-extra-0.8a PAGINA man3/termios.3
man-pages-es-extra-0.8a PAGINA man3/fgetpwent.3
man-pages-es-extra-0.8a PAGINA man3/strcasecmp.3
man-pages-es-extra-0.8a PAGINA man3/memcmp.3
man-pages-es-extra-0.8a PAGINA man3/undocumented.3
man-pages-es-extra-0.8a PAGINA man3/regex.3
man-pages-es-extra-0.8a PAGINA man3/strtod.3
man-pages-es-extra-0.8a PAGINA man3/fopen.3
man-pages-es-extra-0.8a PAGINA man3/atan2.3
man-pages-es-extra-0.8a PAGINA man3/strtok.3
man-pages-es-extra-0.8a PAGINA man3/sin.3
man-pages-es-extra-0.8a PAGINA man3/wcpncpy.3
man-pages-es-extra-0.8a PAGINA man3/rtnetlink.3
man-pages-es-extra-0.8a PAGINA man3/tmpnam.3
man-pages-es-extra-0.8a PAGINA man3/fnmatch.3
man-pages-es-extra-0.8a PAGINA man3/memfrob.3
man-pages-es-extra-0.8a PAGINA man3/strtoul.3
man-pages-es-extra-0.8a PAGINA man3/setenv.3
man-pages-es-extra-0.8a PAGINA man3/iswpunct.3
man-pages-es-extra-0.8a PAGINA man3/iswprint.3
man-pages-es-extra-0.8a PAGINA man3/wcwidth.3
man-pages-es-extra-0.8a PAGINA man3/atof.3
man-pages-es-extra-0.8a PAGINA man3/sysconf.3
man-pages-es-extra-0.8a PAGINA man3/wcscat.3
man-pages-es-extra-0.8a PAGINA man3/towctrans.3
man-pages-es-extra-0.8a PAGINA man3/glob.3
man-pages-es-extra-0.8a PAGINA man3/iswupper.3
man-pages-es-extra-0.8a PAGINA man3/tzset.3
man-pages-es-extra-0.8a PAGINA man3/fflush.3
man-pages-es-extra-0.8a PAGINA man3/dbopen.3
man-pages-es-extra-0.8a PAGINA man3/hsearch.3
man-pages-es-extra-0.8a PAGINA man3/ftok.3
man-pages-es-extra-0.8a PAGINA man3/mbsnrtowcs.3
man-pages-es-extra-0.8a PAGINA man3/setbuf.3
man-pages-es-extra-0.8a PAGINA man3/inet.3
man-pages-es-extra-0.8a PAGINA man3/frexp.3
man-pages-es-extra-0.8a PAGINA man3/bindresvport.3
man-pages-es-extra-0.8a PAGINA man3/atexit.3
man-pages-es-extra-0.8a PAGINA man3/iswgraph.3
man-pages-es-extra-0.8a PAGINA man3/fclose.3
man-pages-es-extra-0.8a PAGINA man3/wcsnrtombs.3
man-pages-es-extra-0.8a PAGINA man3/putpwent.3
man-pages-es-extra-0.8a PAGINA man3/resolver.3
man-pages-es-extra-0.8a PAGINA man3/wmemmove.3
man-pages-es-extra-0.8a PAGINA man3/tsearch.3
man-pages-es-extra-0.8a PAGINA man3/strlen.3
man-pages-es-extra-0.8a PAGINA man3/strcat.3
man-pages-es-extra-0.8a PAGINA man3/bstring.3
man-pages-es-extra-0.8a PAGINA man3/mbsrtowcs.3
man-pages-es-extra-0.8a PAGINA man3/strdup.3
man-pages-es-extra-0.8a PAGINA man3/ctermid.3
man-pages-es-extra-0.8a PAGINA man3/stpcpy.3
man-pages-es-extra-0.8a PAGINA man3/mblen.3
man-pages-es-extra-0.8a PAGINA man3/hash.3
man-pages-es-extra-0.8a PAGINA man3/div.3
man-pages-es-extra-0.8a PAGINA man3/tanh.3
man-pages-es-extra-0.8a PAGINA man3/floor.3
man-pages-es-extra-0.8a PAGINA man3/fabs.3
man-pages-es-extra-0.8a PAGINA man3/malloc.3
man-pages-es-extra-0.8a PAGINA man3/readdir.3
man-pages-es-extra-0.8a PAGINA man3/strspn.3
man-pages-es-extra-0.8a PAGINA man3/rand.3
man-pages-es-extra-0.8a PAGINA man3/stdin.3
man-pages-es-extra-0.8a PAGINA man3/strsep.3
man-pages-es-extra-0.8a PAGINA man3/ceil.3
man-pages-es-extra-0.8a PAGINA man3/initgroups.3
man-pages-es-extra-0.8a PAGINA man3/fmod.3
man-pages-es-extra-0.8a PAGINA man3/exp.3
man-pages-es-extra-0.8a PAGINA man3/longjmp.3
man-pages-es-extra-0.8a PAGINA man3/memchr.3
man-pages-es-extra-0.8a PAGINA man3/fgetwc.3
man-pages-es-extra-0.8a PAGINA man3/ferror.3
man-pages-es-extra-0.8a PAGINA man3/tempnam.3
man-pages-es-extra-0.8a PAGINA man3/tmpfile.3
man-pages-es-extra-0.8a PAGINA man3/wmemcpy.3
man-pages-es-extra-0.8a PAGINA man3/syslog.3
man-pages-es-extra-0.8a PAGINA man3/strerror.3
man-pages-es-extra-0.8a PAGINA man3/rpc.3
man-pages-es-extra-0.8a PAGINA man3/wcschr.3
man-pages-es-extra-0.8a PAGINA man3/cbrt.3
man-pages-es-extra-0.8a PAGINA man3/getusershell.3
man-pages-es-extra-0.8a PAGINA man3/wcsnlen.3
man-pages-es-extra-0.8a PAGINA man3/getgrent.3
man-pages-es-extra-0.8a PAGINA man3/getopt.3
man-pages-es-extra-0.8a PAGINA man3/wmemchr.3
man-pages-es-extra-0.8a PAGINA man3/toascii.3
man-pages-es-extra-0.8a PAGINA man3/strchr.3
man-pages-es-extra-0.8a PAGINA man3/recno.3
man-pages-es-extra-0.8a PAGINA man3/tan.3
man-pages-es-extra-0.8a PAGINA man3/btowc.3
man-pages-es-extra-0.8a PAGINA man3/wctype.3
man-pages-es-extra-0.8a PAGINA man3/iswcntrl.3
man-pages-es-extra-0.8a PAGINA man3/memset.3
man-pages-es-extra-0.8a PAGINA man3/mbsinit.3
man-pages-es-extra-0.8a PAGINA man3/iswxdigit.3
man-pages-es-extra-0.8a PAGINA man3/memccpy.3
man-pages-es-extra-0.8a PAGINA man3/iswlower.3
man-pages-es-extra-0.8a PAGINA man3/usleep.3
man-pages-es-extra-0.8a PAGINA man3/exec.3
man-pages-es-extra-0.8a PAGINA man3/ldiv.3
man-pages-es-extra-0.8a PAGINA man3/fputws.3
man-pages-es-extra-0.8a PAGINA man3/bsearch.3
man-pages-es-extra-0.8a PAGINA man3/wctomb.3
man-pages-es-extra-0.8a PAGINA man3/fputwc.3
man-pages-es-extra-0.8a PAGINA man3/readv.3
man-pages-es-extra-0.8a PAGINA man3/getnetent.3
man-pages-es-extra-0.8a PAGINA man3/asin.3
man-pages-es-extra-0.8a PAGINA man3/gets.3
man-pages-es-extra-0.8a PAGINA man3/on_exit.3
man-pages-es-extra-0.8a PAGINA man3/scanf.3
man-pages-es-extra-0.8a PAGINA man3/catopen.3
man-pages-es-extra-0.8a PAGINA man3/cosh.3
man-pages-es-extra-0.8a PAGINA man3/wcstombs.3
man-pages-es-extra-0.8a PAGINA man3/sinh.3
man-pages-es-extra-0.8a PAGINA man3/isatty.3
man-pages-es-extra-0.8a PAGINA man3/strtol.3
man-pages-es-extra-0.8a PAGINA man3/mpool.3
man-pages-es-extra-0.8a PAGINA man3/iswalnum.3
man-pages-es-extra-0.8a PAGINA man3/crypt.3
man-pages-es-extra-0.8a PAGINA man3/atoi.3
man-pages-es-extra-0.8a PAGINA man3/setlocale.3
man-pages-es-extra-0.8a PAGINA man3/psignal.3
man-pages-es-extra-0.8a PAGINA man3/wmemcmp.3
man-pages-es-extra-0.8a PAGINA man3/strfry.3
man-pages-es-extra-0.8a PAGINA man3/fread.3
man-pages-es-extra-0.8a PAGINA man3/bcopy.3
man-pages-es-extra-0.8a PAGINA man3/asinh.3
man-pages-es-extra-0.8a PAGINA man3/MB_LEN_MAX.3
man-pages-es-extra-0.8a PAGINA man3/getmntent.3
man-pages-es-extra-0.8a PAGINA man3/catgets.3
man-pages-es-extra-0.8a PAGINA man3/wcsspn.3
man-pages-es-extra-0.8a PAGINA man3/ttyname.3
man-pages-es-extra-0.8a PAGINA man3/abort.3
man-pages-es-extra-0.8a PAGINA man3/ungetwc.3
man-pages-es-extra-0.8a PAGINA man3/wprintf.3
man-pages-es-extra-0.8a PAGINA man3/rcmd.3
man-pages-es-extra-0.8a PAGINA man3/wcsrchr.3
man-pages-es-extra-0.8a PAGINA man3/getpwent.3
man-pages-es-extra-0.8a PAGINA man3/btree.3
man-pages-es-extra-0.8a PAGINA man3/system.3
man-pages-es-extra-0.8a PAGINA man3/remove.3
man-pages-es-extra-0.8a PAGINA man3/wmemset.3
man-pages-es-extra-0.8a PAGINA man3/infnan.3
man-pages-es-extra-0.8a PAGINA man4/wavelan.4
man-pages-es-extra-0.8a PAGINA man4/fd.4
man-pages-es-extra-0.8a PAGINA man4/console_ioctl.4
man-pages-es-extra-0.8a PAGINA man4/sd.4
man-pages-es-extra-0.8a PAGINA man4/initrd.4
man-pages-es-extra-0.8a PAGINA man4/vcs.4
man-pages-es-extra-0.8a PAGINA man4/fifo.4
man-pages-es-extra-0.8a PAGINA man4/mouse.4
man-pages-es-extra-0.8a PAGINA man4/tty.4
man-pages-es-extra-0.8a PAGINA man4/console.4
man-pages-es-extra-0.8a PAGINA man4/intro.4
man-pages-es-extra-0.8a PAGINA man4/lp.4
man-pages-es-extra-0.8a PAGINA man4/console_codes.4
man-pages-es-extra-0.8a PAGINA man4/st.4
man-pages-es-extra-0.8a PAGINA man4/ttys.4
man-pages-es-extra-0.8a PAGINA man4/mem.4
man-pages-es-extra-0.8a PAGINA man4/full.4
man-pages-es-extra-0.8a PAGINA man4/ram.4
man-pages-es-extra-0.8a PAGINA man4/null.4
man-pages-es-extra-0.8a PAGINA man4/random.4
man-pages-es-extra-0.8a PAGINA man4/hd.4
man-pages-es-extra-0.8a PAGINA man5/proc.5
man-pages-es-extra-0.8a PAGINA man5/charmap.5
man-pages-es-extra-0.8a PAGINA man5/protocols.5
man-pages-es-extra-0.8a PAGINA man5/securetty.5
man-pages-es-extra-0.8a PAGINA man5/intro.5
man-pages-es-extra-0.8a PAGINA man5/nsswitch.conf.5
man-pages-es-extra-0.8a PAGINA man5/dir_colors.5
man-pages-es-extra-0.8a PAGINA man5/group.5
man-pages-es-extra-0.8a PAGINA man5/termcap.5
man-pages-es-extra-0.8a PAGINA man5/ttytype.5
man-pages-es-extra-0.8a PAGINA man5/tzfile.5
man-pages-es-extra-0.8a PAGINA man5/services.5
man-pages-es-extra-0.8a PAGINA man5/rpc.5
man-pages-es-extra-0.8a PAGINA man5/fs.5
man-pages-es-extra-0.8a PAGINA man5/environ.5
man-pages-es-extra-0.8a PAGINA man5/locale.5
man-pages-es-extra-0.8a PAGINA man5/shells.5
man-pages-es-extra-0.8a PAGINA man5/issue.5
man-pages-es-extra-0.8a PAGINA man5/hosts.equiv.5
man-pages-es-extra-0.8a PAGINA man5/ipc.5
man-pages-es-extra-0.8a PAGINA man5/utmp.5
man-pages-es-extra-0.8a PAGINA man5/lilo.conf.5
man-pages-es-extra-0.8a PAGINA man5/motd.5
man-pages-es-extra-0.8a PAGINA man5/nologin.5
man-pages-es-extra-0.8a PAGINA man5/passwd.5
man-pages-es-extra-0.8a PAGINA man6/intro.6
man-pages-es-extra-0.8a PAGINA man7/arp.7
man-pages-es-extra-0.8a PAGINA man7/suffixes.7
man-pages-es-extra-0.8a PAGINA man7/regex.7
man-pages-es-extra-0.8a PAGINA man7/x25.7
man-pages-es-extra-0.8a PAGINA man7/mailaddr.7
man-pages-es-extra-0.8a PAGINA man7/iso_8859-15.7
man-pages-es-extra-0.8a PAGINA man7/icmp.7
man-pages-es-extra-0.8a PAGINA man7/rtnetlink.7
man-pages-es-extra-0.8a PAGINA man7/bootparam.7
man-pages-es-extra-0.8a PAGINA man7/hier.7
man-pages-es-extra-0.8a PAGINA man7/iso_8859-1.7
man-pages-es-extra-0.8a PAGINA man7/man.7
man-pages-es-extra-0.8a PAGINA man7/socket.7
man-pages-es-extra-0.8a PAGINA man7/packet.7
man-pages-es-extra-0.8a PAGINA man7/netlink.7
man-pages-es-extra-0.8a PAGINA man7/uri.7
man-pages-es-extra-0.8a PAGINA man7/ascii.7
man-pages-es-extra-0.8a PAGINA man7/unix.7
man-pages-es-extra-0.8a PAGINA man7/udp.7
man-pages-es-extra-0.8a PAGINA man7/unicode.7
man-pages-es-extra-0.8a PAGINA man7/tcp.7
man-pages-es-extra-0.8a PAGINA man7/ip.7
man-pages-es-extra-0.8a PAGINA man7/utf-8.7
man-pages-es-extra-0.8a PAGINA man7/ddp.7
man-pages-es-extra-0.8a PAGINA man7/signal.7
man-pages-es-extra-0.8a PAGINA man7/charsets.7
man-pages-es-extra-0.8a PAGINA man7/raw.7
man-pages-es-extra-0.8a PAGINA man7/netdevice.7
man-pages-es-extra-0.8a PAGINA man7/glob.7
man-pages-es-extra-0.8a PAGINA man7/intro.7
man-pages-es-extra-0.8a PAGINA man7/locale.7
man-pages-es-extra-0.8a PAGINA man8/sync.8
man-pages-es-extra-0.8a PAGINA man8/tzselect.8
man-pages-es-extra-0.8a PAGINA man8/zic.8
man-pages-es-extra-0.8a PAGINA man8/zdump.8
man-pages-es-extra-0.8a PAGINA man8/lilo.8
man-pages-es-extra-0.8a PAGINA man8/intro.8
/tmp/Paginas-manual/man-pages-es-1.28/man1 /tmp/Paginas-manual/man-pages-es-1.28 /tmp/orig /tmp/orig /tmp/orig
man-pages-es-extra-0.8a SECCION man1
/tmp/Paginas-manual/man-pages-es-1.28 /tmp/orig /tmp/orig /tmp/orig
/tmp/Paginas-manual/man-pages-es-1.28/man2 /tmp/Paginas-manual/man-pages-es-1.28 /tmp/orig /tmp/orig /tmp/orig
man-pages-es-extra-0.8a SECCION man2
/tmp/Paginas-manual/man-pages-es-1.28 /tmp/orig /tmp/orig /tmp/orig
/tmp/Paginas-manual/man-pages-es-1.28/man3 /tmp/Paginas-manual/man-pages-es-1.28 /tmp/orig /tmp/orig /tmp/orig
man-pages-es-extra-0.8a SECCION man3
/tmp/Paginas-manual/man-pages-es-1.28 /tmp/orig /tmp/orig /tmp/orig
/tmp/Paginas-manual/man-pages-es-1.28/man4 /tmp/Paginas-manual/man-pages-es-1.28 /tmp/orig /tmp/orig /tmp/orig
man-pages-es-extra-0.8a SECCION man4
/tmp/Paginas-manual/man-pages-es-1.28 /tmp/orig /tmp/orig /tmp/orig
/tmp/Paginas-manual/man-pages-es-1.28/man5 /tmp/Paginas-manual/man-pages-es-1.28 /tmp/orig /tmp/orig /tmp/orig
man-pages-es-extra-0.8a SECCION man5
/tmp/Paginas-manual/man-pages-es-1.28 /tmp/orig /tmp/orig /tmp/orig
/tmp/Paginas-manual/man-pages-es-1.28/man6 /tmp/Paginas-manual/man-pages-es-1.28 /tmp/orig /tmp/orig /tmp/orig
man-pages-es-extra-0.8a SECCION man6
/tmp/Paginas-manual/man-pages-es-1.28 /tmp/orig /tmp/orig /tmp/orig
/tmp/Paginas-manual/man-pages-es-1.28/man7 /tmp/Paginas-manual/man-pages-es-1.28 /tmp/orig /tmp/orig /tmp/orig
man-pages-es-extra-0.8a SECCION man7
/tmp/Paginas-manual/man-pages-es-1.28 /tmp/orig /tmp/orig /tmp/orig
/tmp/Paginas-manual/man-pages-es-1.28/man8 /tmp/Paginas-manual/man-pages-es-1.28 /tmp/orig /tmp/orig /tmp/orig
man-pages-es-extra-0.8a SECCION man8
/tmp/Paginas-manual/man-pages-es-1.28 /tmp/orig /tmp/orig /tmp/orig
